[35m[1mConsolidate compiler generated dependencies of target main_node[0m
[ 16%] [32mBuilding CXX object CMakeFiles/main_node.dir/src/main_node.cpp.o[0m
[ 33%] [32mBuilding CXX object CMakeFiles/main_node.dir/src/pointcloud_loader.cpp.o[0m
[ 50%] [32mBuilding CXX object CMakeFiles/main_node.dir/src/doppler_icp_solver.cpp.o[0m
[ 66%] [32mBuilding CXX object CMakeFiles/main_node.dir/src/doppler_icp_stitcher.cpp.o[0m
[01m[K/home/farness/ws_dicp_cpp/src/farness_dicp_cpp/src/doppler_icp_solver.cpp:[m[K In member function â€˜[01m[KDopplerICPResult DopplerICPSolver::solve(const std::vector<LidarPoint>&, const std::vector<LidarPoint>&, int, double, double, double, double, double, int, double, double, int, int, int, bool, double, int)[m[Kâ€™:
[01m[K/home/farness/ws_dicp_cpp/src/farness_dicp_cpp/src/doppler_icp_solver.cpp:188:15:[m[K [01;31m[Kerror: [m[Kexpected â€˜[01m[K}[m[Kâ€™ at end of input
  188 | return result;
      |               [01;31m[K^[m[K
[01m[K/home/farness/ws_dicp_cpp/src/farness_dicp_cpp/src/doppler_icp_solver.cpp:33:1:[m[K [01;36m[Knote: [m[Kto match this â€˜[01m[K{[m[Kâ€™
   33 | [01;36m[K{[m[K
      | [01;36m[K^[m[K
gmake[2]: *** [CMakeFiles/main_node.dir/build.make:104: CMakeFiles/main_node.dir/src/doppler_icp_solver.cpp.o] Error 1
gmake[2]: *** Waiting for unfinished jobs....
gmake[1]: *** [CMakeFiles/Makefile2:137: CMakeFiles/main_node.dir/all] Error 2
gmake: *** [Makefile:146: all] Error 2
