[01m[K/home/farness/ws_dicp_cpp/src/farness_dicp_cpp/src/doppler_icp_solver.cpp:191:1:[m[K [01;31m[Kerror: [m[Kexpected declaration before â€˜[01m[K}[m[Kâ€™ token
  191 | [01;31m[K}[m[K
      | [01;31m[K^[m[K
gmake[2]: *** [CMakeFiles/main_node.dir/build.make:104: CMakeFiles/main_node.dir/src/doppler_icp_solver.cpp.o] Error 1
gmake[1]: *** [CMakeFiles/Makefile2:137: CMakeFiles/main_node.dir/all] Error 2
gmake: *** [Makefile:146: all] Error 2
