[0.009s] Invoking command in '/home/farness/ws_dicp_cpp/build/farness_dicp_cpp': CMAKE_PREFIX_PATH=${CMAKE_PREFIX_PATH}:/home/farness/ws_new/install/lidar_frame_stitching:/home/farness/ws_new/install/farness_dicp:/opt/ros/humble /usr/bin/cmake --build /home/farness/ws_dicp_cpp/build/farness_dicp_cpp -- -j16 -l16
[0.075s] [35m[1mConsolidate compiler generated dependencies of target main_node[0m
[0.105s] [ 16%] [32mBuilding CXX object CMakeFiles/main_node.dir/src/doppler_icp_solver.cpp.o[0m
[1.992s] [01m[K/home/farness/ws_dicp_cpp/src/farness_dicp_cpp/src/doppler_icp_solver.cpp:191:1:[m[K [01;31m[Kerror: [m[Kexpected declaration before â€˜[01m[K}[m[Kâ€™ token
[1.992s]   191 | [01;31m[K}[m[K
[1.993s]       | [01;31m[K^[m[K
[3.573s] gmake[2]: *** [CMakeFiles/main_node.dir/build.make:104: CMakeFiles/main_node.dir/src/doppler_icp_solver.cpp.o] Error 1
[3.574s] gmake[1]: *** [CMakeFiles/Makefile2:137: CMakeFiles/main_node.dir/all] Error 2
[3.574s] gmake: *** [Makefile:146: all] Error 2
[3.576s] Invoked command in '/home/farness/ws_dicp_cpp/build/farness_dicp_cpp' returned '2': CMAKE_PREFIX_PATH=${CMAKE_PREFIX_PATH}:/home/farness/ws_new/install/lidar_frame_stitching:/home/farness/ws_new/install/farness_dicp:/opt/ros/humble /usr/bin/cmake --build /home/farness/ws_dicp_cpp/build/farness_dicp_cpp -- -j16 -l16
