[35m[1mConsolidate compiler generated dependencies of target main_node[0m
[ 16%] [32mBuilding CXX object CMakeFiles/main_node.dir/src/doppler_icp_stitcher.cpp.o[0m
[01m[K/home/farness/ws_dicp_cpp/src/farness_dicp_cpp/src/doppler_icp_stitcher.cpp:[m[K In constructor â€˜[01m[KDopplerICPStitcher::DopplerICPStitcher(const rclcpp::NodeOptions&)[m[Kâ€™:
[01m[K/home/farness/ws_dicp_cpp/src/farness_dicp_cpp/src/doppler_icp_stitcher.cpp:63:5:[m[K [01;31m[Kerror: [m[Kâ€˜[01m[Kpublish_rate[m[Kâ€™ was not declared in this scope
   63 |     [01;31m[Kpublish_rate[m[K = this->declare_parameter<double>("publish_rate", 10.0);
      |     [01;31m[K^~~~~~~~~~~~[m[K
[01m[K/home/farness/ws_dicp_cpp/src/farness_dicp_cpp/src/doppler_icp_stitcher.cpp:64:5:[m[K [01;31m[Kerror: [m[Kâ€˜[01m[Kpublish_timer_[m[Kâ€™ was not declared in this scope
   64 |     [01;31m[Kpublish_timer_[m[K = this->create_wall_timer(
      |     [01;31m[K^~~~~~~~~~~~~~[m[K
In file included from [01m[K/usr/include/c++/11/pstl/glue_algorithm_defs.h:13[m[K,
                 from [01m[K/usr/include/c++/11/algorithm:74[m[K,
                 from [01m[K/opt/ros/humble/include/rclcpp/rclcpp/executor.hpp:18[m[K,
                 from [01m[K/opt/ros/humble/include/rclcpp/rclcpp/executors/multi_threaded_executor.hpp:25[m[K,
                 from [01m[K/opt/ros/humble/include/rclcpp/rclcpp/executors.hpp:21[m[K,
                 from [01m[K/opt/ros/humble/include/rclcpp/rclcpp/rclcpp.hpp:155[m[K,
                 from [01m[K/home/farness/ws_dicp_cpp/src/farness_dicp_cpp/include/farness_dicp_cpp/doppler_icp_stitcher.hpp:3[m[K,
                 from [01m[K/home/farness/ws_dicp_cpp/src/farness_dicp_cpp/src/doppler_icp_stitcher.cpp:1[m[K:
/usr/include/c++/11/functional: In instantiation of â€˜[01m[Kstruct std::_Bind_check_arity<void (DopplerICPStitcher::*)(const std::vector<LidarPoint>&), DopplerICPStitcher*>[m[Kâ€™:
[01m[K/usr/include/c++/11/functional:768:12:[m[K   required from â€˜[01m[Kstruct std::_Bind_helper<false, void (DopplerICPStitcher::*)(const std::vector<LidarPoint>&), DopplerICPStitcher*>[m[Kâ€™
[01m[K/usr/include/c++/11/functional:789:5:[m[K   required by substitution of â€˜[01m[Ktemplate<class _Func, class ... _BoundArgs> typename std::_Bind_helper<std::__is_socketlike<_Func>::value, _Func, _BoundArgs ...>::type std::bind(_Func&&, _BoundArgs&& ...) [with _Func = void (DopplerICPStitcher::*)(const std::vector<LidarPoint>&); _BoundArgs = {DopplerICPStitcher*}][m[Kâ€™
[01m[K/home/farness/ws_dicp_cpp/src/farness_dicp_cpp/src/doppler_icp_stitcher.cpp:66:14:[m[K   required from here
[01m[K/usr/include/c++/11/functional:756:21:[m[K [01;31m[Kerror: [m[Kstatic assertion failed: Wrong number of arguments for pointer-to-member
  755 |       static_assert(_Varargs::[01;31m[Kvalue[m[K
      |                               [01;31m[K~~~~~[m[K
  756 | [01;31m[K                    ? sizeof...(_BoundArgs) >= _Arity::value + 1[m[K
      |                     [01;31m[K^~~~~~~~~~~~~~~~~~~~~~~~~~~~~~~~~~~~~~~~~~~~[m[K
  757 | [01;31m[K                    : sizeof...(_BoundArgs) == _Arity::value + 1[m[K,
      |                     [01;31m[K~~~~~~~~~~~~~~~~~~~~~~~~~~~~~~~~~~~~~~~~~~~~[m[K
[01m[K/usr/include/c++/11/functional:756:21:[m[K [01;36m[Knote: [m[Kâ€˜[01m[K(false ? (1 >= (((long unsigned int)std::integral_constant<long unsigned int, 1>::value) + 1)) : (1 == (((long unsigned int)std::integral_constant<long unsigned int, 1>::value) + 1)))[m[Kâ€™ evaluates to false
gmake[2]: *** [CMakeFiles/main_node.dir/build.make:90: CMakeFiles/main_node.dir/src/doppler_icp_stitcher.cpp.o] Error 1
gmake[1]: *** [CMakeFiles/Makefile2:137: CMakeFiles/main_node.dir/all] Error 2
gmake: *** [Makefile:146: all] Error 2
