[0.009s] Invoking command in '/home/farness/ws_dicp_cpp/build/farness_dicp_cpp': CMAKE_PREFIX_PATH=${CMAKE_PREFIX_PATH}:/home/farness/ws_new/install/lidar_frame_stitching:/home/farness/ws_new/install/farness_dicp:/opt/ros/humble /usr/bin/cmake --build /home/farness/ws_dicp_cpp/build/farness_dicp_cpp -- -j16 -l16
[0.058s] [35m[1mConsolidate compiler generated dependencies of target main_node[0m
[0.083s] [ 16%] [32mBuilding CXX object CMakeFiles/main_node.dir/src/main_node.cpp.o[0m
[0.085s] [ 33%] [32mBuilding CXX object CMakeFiles/main_node.dir/src/doppler_icp_stitcher.cpp.o[0m
[3.396s] In file included from [01m[K/usr/include/c++/11/pstl/glue_algorithm_defs.h:13[m[K,
[3.396s]                  from [01m[K/usr/include/c++/11/algorithm:74[m[K,
[3.396s]                  from [01m[K/opt/ros/humble/include/rclcpp/rclcpp/executor.hpp:18[m[K,
[3.396s]                  from [01m[K/opt/ros/humble/include/rclcpp/rclcpp/executors/multi_threaded_executor.hpp:25[m[K,
[3.396s]                  from [01m[K/opt/ros/humble/include/rclcpp/rclcpp/executors.hpp:21[m[K,
[3.396s]                  from [01m[K/opt/ros/humble/include/rclcpp/rclcpp/rclcpp.hpp:155[m[K,
[3.396s]                  from [01m[K/home/farness/ws_dicp_cpp/src/farness_dicp_cpp/include/farness_dicp_cpp/doppler_icp_stitcher.hpp:3[m[K,
[3.396s]                  from [01m[K/home/farness/ws_dicp_cpp/src/farness_dicp_cpp/src/doppler_icp_stitcher.cpp:1[m[K:
[3.396s] /usr/include/c++/11/functional: In instantiation of â€˜[01m[Kstruct std::_Bind_check_arity<void (DopplerICPStitcher::*)(const std::vector<LidarPoint>&), DopplerICPStitcher*>[m[Kâ€™:
[3.396s] [01m[K/usr/include/c++/11/functional:768:12:[m[K   required from â€˜[01m[Kstruct std::_Bind_helper<false, void (DopplerICPStitcher::*)(const std::vector<LidarPoint>&), DopplerICPStitcher*>[m[Kâ€™
[3.396s] [01m[K/usr/include/c++/11/functional:789:5:[m[K   required by substitution of â€˜[01m[Ktemplate<class _Func, class ... _BoundArgs> typename std::_Bind_helper<std::__is_socketlike<_Func>::value, _Func, _BoundArgs ...>::type std::bind(_Func&&, _BoundArgs&& ...) [with _Func = void (DopplerICPStitcher::*)(const std::vector<LidarPoint>&); _BoundArgs = {DopplerICPStitcher*}][m[Kâ€™
[3.396s] [01m[K/home/farness/ws_dicp_cpp/src/farness_dicp_cpp/src/doppler_icp_stitcher.cpp:91:18:[m[K   required from here
[3.396s] [01m[K/usr/include/c++/11/functional:756:21:[m[K [01;31m[Kerror: [m[Kstatic assertion failed: Wrong number of arguments for pointer-to-member
[3.396s]   755 |       static_assert(_Varargs::[01;31m[Kvalue[m[K
[3.396s]       |                               [01;31m[K~~~~~[m[K
[3.396s]   756 | [01;31m[K                    ? sizeof...(_BoundArgs) >= _Arity::value + 1[m[K
[3.396s]       |                     [01;31m[K^~~~~~~~~~~~~~~~~~~~~~~~~~~~~~~~~~~~~~~~~~~~[m[K
[3.396s]   757 | [01;31m[K                    : sizeof...(_BoundArgs) == _Arity::value + 1[m[K,
[3.396s]       |                     [01;31m[K~~~~~~~~~~~~~~~~~~~~~~~~~~~~~~~~~~~~~~~~~~~~[m[K
[3.396s] [01m[K/usr/include/c++/11/functional:756:21:[m[K [01;36m[Knote: [m[Kâ€˜[01m[K(false ? (1 >= (((long unsigned int)std::integral_constant<long unsigned int, 1>::value) + 1)) : (1 == (((long unsigned int)std::integral_constant<long unsigned int, 1>::value) + 1)))[m[Kâ€™ evaluates to false
[3.399s] [01m[K/home/farness/ws_dicp_cpp/src/farness_dicp_cpp/src/doppler_icp_stitcher.cpp:[m[K In constructor â€˜[01m[KDopplerICPStitcher::DopplerICPStitcher(const rclcpp::NodeOptions&)[m[Kâ€™:
[3.399s] [01m[K/home/farness/ws_dicp_cpp/src/farness_dicp_cpp/src/doppler_icp_stitcher.cpp:89:45:[m[K [01;31m[Kerror: [m[Kno matching function for call to â€˜[01m[KDopplerICPStitcher::create_wall_timer(std::chrono::duration<double>, std::_Bind_helper<false, void (DopplerICPStitcher::*)(const std::vector<LidarPoint>&), DopplerICPStitcher*>::type)[m[Kâ€™
[3.399s]    89 |     publish_timer_ = [01;31m[Kthis->create_wall_timer([m[K
[3.399s]       |                      [01;31m[K~~~~~~~~~~~~~~~~~~~~~~~^[m[K
[3.399s]    90 | [01;31m[K        std::chrono::duration<double>(1.0 / publish_rate_),[m[K
[3.399s]       |         [01;31m[K~~~~~~~~~~~~~~~~~~~~~~~~~~~~~~~~~~~~~~~~~~~~~~~~~~~[m[K
[3.399s]    91 | [01;31m[K        std::bind(&DopplerICPStitcher::publish_outputs, this)[m[K
[3.399s]       |         [01;31m[K~~~~~~~~~~~~~~~~~~~~~~~~~~~~~~~~~~~~~~~~~~~~~~~~~~~~~[m[K
[3.399s]    92 | [01;31m[K    )[m[K;
[3.399s]       |     [01;31m[K~[m[K                                        
[3.399s] In file included from [01m[K/opt/ros/humble/include/rclcpp/rclcpp/executors/single_threaded_executor.hpp:28[m[K,
[3.399s]                  from [01m[K/opt/ros/humble/include/rclcpp/rclcpp/executors.hpp:22[m[K,
[3.399s]                  from [01m[K/opt/ros/humble/include/rclcpp/rclcpp/rclcpp.hpp:155[m[K,
[3.399s]                  from [01m[K/home/farness/ws_dicp_cpp/src/farness_dicp_cpp/include/farness_dicp_cpp/doppler_icp_stitcher.hpp:3[m[K,
[3.399s]                  from [01m[K/home/farness/ws_dicp_cpp/src/farness_dicp_cpp/src/doppler_icp_stitcher.cpp:1[m[K:
[3.399s] [01m[K/opt/ros/humble/include/rclcpp/rclcpp/node.hpp:238:3:[m[K [01;36m[Knote: [m[Kcandidate: â€˜[01m[Ktemplate<class DurationRepT, class DurationT, class CallbackT> typename rclcpp::WallTimer<CallbackT>::SharedPtr rclcpp::Node::create_wall_timer(std::chrono::duration<_Rep1, _Period1>, CallbackT, rclcpp::CallbackGroup::SharedPtr)[m[Kâ€™
[3.399s]   238 |   [01;36m[Kcreate_wall_timer[m[K(
[3.399s]       |   [01;36m[K^~~~~~~~~~~~~~~~~[m[K
[3.399s] [01m[K/opt/ros/humble/include/rclcpp/rclcpp/node.hpp:238:3:[m[K [01;36m[Knote: [m[K  template argument deduction/substitution failed:
[3.399s] In file included from [01m[K/opt/ros/humble/include/rclcpp/rclcpp/node.hpp:1321[m[K,
[3.399s]                  from [01m[K/opt/ros/humble/include/rclcpp/rclcpp/executors/single_threaded_executor.hpp:28[m[K,
[3.400s]                  from [01m[K/opt/ros/humble/include/rclcpp/rclcpp/executors.hpp:22[m[K,
[3.400s]                  from [01m[K/opt/ros/humble/include/rclcpp/rclcpp/rclcpp.hpp:155[m[K,
[3.400s]                  from [01m[K/home/farness/ws_dicp_cpp/src/farness_dicp_cpp/include/farness_dicp_cpp/doppler_icp_stitcher.hpp:3[m[K,
[3.400s]                  from [01m[K/home/farness/ws_dicp_cpp/src/farness_dicp_cpp/src/doppler_icp_stitcher.cpp:1[m[K:
[3.400s] /opt/ros/humble/include/rclcpp/rclcpp/node_impl.hpp: In substitution of â€˜[01m[Ktemplate<class DurationRepT, class DurationT, class CallbackT> typename rclcpp::WallTimer<CallbackT>::SharedPtr rclcpp::Node::create_wall_timer(std::chrono::duration<_Rep1, _Period1>, CallbackT, rclcpp::CallbackGroup::SharedPtr) [with DurationRepT = double; DurationT = std::ratio<1>; CallbackT = std::_Bind<void (DopplerICPStitcher::*(DopplerICPStitcher*))(const std::vector<LidarPoint>&)>][m[Kâ€™:
[3.400s] [01m[K/home/farness/ws_dicp_cpp/src/farness_dicp_cpp/src/doppler_icp_stitcher.cpp:89:45:[m[K   required from here
[3.400s] [01m[K/opt/ros/humble/include/rclcpp/rclcpp/node_impl.hpp:110:1:[m[K [01;31m[Kerror: [m[Kno type named â€˜[01m[Ktype[m[Kâ€™ in â€˜[01m[Kstruct std::enable_if<false, void>[m[Kâ€™
[3.400s]   110 | [01;31m[KNode[m[K::create_wall_timer(
[3.400s]       | [01;31m[K^~~~[m[K
[3.400s] [01m[K/opt/ros/humble/include/rclcpp/rclcpp/node_impl.hpp:110:1:[m[K [01;31m[Kerror: [m[Kno type named â€˜[01m[Ktype[m[Kâ€™ in â€˜[01m[Kstruct std::enable_if<false, void>[m[Kâ€™
[3.400s] [01m[K/opt/ros/humble/include/rclcpp/rclcpp/node_impl.hpp:110:1:[m[K [01;36m[Knote: [m[Kinvalid template non-type parameter
[7.481s] gmake[2]: *** [CMakeFiles/main_node.dir/build.make:90: CMakeFiles/main_node.dir/src/doppler_icp_stitcher.cpp.o] Error 1
[7.482s] gmake[1]: *** [CMakeFiles/Makefile2:137: CMakeFiles/main_node.dir/all] Error 2
[7.482s] gmake: *** [Makefile:146: all] Error 2
[7.484s] Invoked command in '/home/farness/ws_dicp_cpp/build/farness_dicp_cpp' returned '2': CMAKE_PREFIX_PATH=${CMAKE_PREFIX_PATH}:/home/farness/ws_new/install/lidar_frame_stitching:/home/farness/ws_new/install/farness_dicp:/opt/ros/humble /usr/bin/cmake --build /home/farness/ws_dicp_cpp/build/farness_dicp_cpp -- -j16 -l16
